\BOOKMARK [0][-]{chapter.1}{Introduction}{}% 1
\BOOKMARK [0][-]{chapter.2}{Sets and Maps}{}% 2
\BOOKMARK [0][-]{chapter.3}{Comparing Objects}{}% 3
\BOOKMARK [1][-]{section.3.1}{Equivalence Relations}{chapter.3}% 4
\BOOKMARK [1][-]{section.3.2}{Equivalence Classes}{chapter.3}% 5
\BOOKMARK [1][-]{section.3.3}{Quotient Space}{chapter.3}% 6
\BOOKMARK [0][-]{chapter.4}{Groups}{}% 7
\BOOKMARK [1][-]{section.4.1}{What is a Group?}{chapter.4}% 8
\BOOKMARK [1][-]{section.4.2}{Subgroups}{chapter.4}% 9
\BOOKMARK [1][-]{section.4.3}{Cosets of Subgroups}{chapter.4}% 10
\BOOKMARK [1][-]{section.4.4}{Quotient Groups}{chapter.4}% 11
\BOOKMARK [0][-]{chapter.5}{Topology}{}% 12
\BOOKMARK [1][-]{section.5.1}{Comparing Topologies}{chapter.5}% 13
\BOOKMARK [1][-]{section.5.2}{Properties of Topologies}{chapter.5}% 14
\BOOKMARK [2][-]{subsection.5.2.1}{Euler Character and Gauss-Bonnett Formula}{section.5.2}% 15
\BOOKMARK [1][-]{section.5.3}{Coordinate Systems}{chapter.5}% 16
\BOOKMARK [0][-]{chapter.6}{Homology}{}% 17
\BOOKMARK [1][-]{section.6.1}{Simplicial Complexes}{chapter.6}% 18
\BOOKMARK [2][-]{subsection.6.1.1}{The group of cycles and the group of boundaries}{section.6.1}% 19
\BOOKMARK [0][-]{chapter.7}{Differential Calculus}{}% 20
\BOOKMARK [0][-]{chapter.8}{Vector Bundles}{}% 21
\BOOKMARK [1][-]{section.8.1}{Connections on Bundles}{chapter.8}% 22
\BOOKMARK [0][-]{section*.9}{Appendices}{}% 23
\BOOKMARK [0][-]{Appendix.1.A}{Notation}{}% 24
\BOOKMARK [1][-]{subsection.1.A.0.1}{Notation for Special Sets}{Appendix.1.A}% 25
